This is pdfTeX, Version 3.14159265-2.6-1.40.21 (TeX Live 2020) (preloaded format=pdflatex 2020.8.27)  27 AUG 2020 22:33
entering extended mode
 restricted \write18 enabled.
 %&-line parsing enabled.
**Research-Document.tex
(./Research-Document.tex
LaTeX2e <2020-02-02> patch level 5
L3 programming layer <2020-08-07> (./ufpr.cls
Document Class: ufpr 2020/06/24 Manuscript LaTeX class for UFPR
(/Users/jacksontorres/Library/TinyTeX/texmf-dist/tex/latex/base/book.cls
Document Class: book 2019/12/20 v1.4l Standard LaTeX document class
(/Users/jacksontorres/Library/TinyTeX/texmf-dist/tex/latex/base/bk12.clo
File: bk12.clo 2019/12/20 v1.4l Standard LaTeX file (size option)
)
\c@part=\count168
\c@chapter=\count169
\c@section=\count170
\c@subsection=\count171
\c@subsubsection=\count172
\c@paragraph=\count173
\c@subparagraph=\count174
\c@figure=\count175
\c@table=\count176
\abovecaptionskip=\skip47
\belowcaptionskip=\skip48
\bibindent=\dimen134
) (/Users/jacksontorres/Library/TinyTeX/texmf-dist/tex/generic/babel/babel.sty
Package: babel 2020/07/13 3.47 The Babel package
(/Users/jacksontorres/Library/TinyTeX/texmf-dist/tex/generic/babel/babel.def
File: babel.def 2020/07/13 3.47 Babel common definitions
\babel@savecnt=\count177
\U@D=\dimen135
\l@babelnohyphens=\language3

(/Users/jacksontorres/Library/TinyTeX/texmf-dist/tex/generic/babel/txtbabel.def
)
\bbl@readstream=\read2
)
\bbl@dirlevel=\count178
Package babel Info: You haven't specified a language. I'll use 'nil'
(babel)             as the main language. Reported on input line 1075.
(/Users/jacksontorres/Library/TinyTeX/texmf-dist/tex/generic/babel/nil.ldf
Language: nil 2020/07/13 3.47 Nil language
\l@nil=\language4
))
(/Users/jacksontorres/Library/TinyTeX/texmf-dist/tex/generic/oberdiek/iflang.st
y
Package: iflang 2018/01/21 v1.7 Checks for the current language (HO)

(/Users/jacksontorres/Library/TinyTeX/texmf-dist/tex/generic/infwarerr/infwarer
r.sty
Package: infwarerr 2019/12/03 v1.5 Providing info/warning/error messages (HO)
)
(/Users/jacksontorres/Library/TinyTeX/texmf-dist/tex/generic/pdftexcmds/pdftexc
mds.sty
Package: pdftexcmds 2020-06-27 v0.33 Utility functions of pdfTeX for LuaTeX (HO
)
(/Users/jacksontorres/Library/TinyTeX/texmf-dist/tex/generic/iftex/iftex.sty
Package: iftex 2020/03/06 v1.0d TeX engine tests
)
(/Users/jacksontorres/Library/TinyTeX/texmf-dist/tex/generic/ltxcmds/ltxcmds.st
y
Package: ltxcmds 2019/12/15 v1.24 LaTeX kernel commands for general use (HO)
)
Package pdftexcmds Info: \pdf@primitive is available.
Package pdftexcmds Info: \pdf@ifprimitive is available.
Package pdftexcmds Info: \pdfdraftmode found.
)
Package iflang Info: Naming convention for patterns: babel.
)
(/Users/jacksontorres/Library/TinyTeX/texmf-dist/tex/latex/geometry/geometry.st
y
Package: geometry 2020/01/02 v5.9 Page Geometry
(/Users/jacksontorres/Library/TinyTeX/texmf-dist/tex/latex/graphics/keyval.sty
Package: keyval 2014/10/28 v1.15 key=value parser (DPC)
\KV@toks@=\toks15
) (/Users/jacksontorres/Library/TinyTeX/texmf-dist/tex/generic/iftex/ifvtex.sty
Package: ifvtex 2019/10/25 v1.7 ifvtex legacy package. Use iftex instead.
)
\Gm@cnth=\count179
\Gm@cntv=\count180
\c@Gm@tempcnt=\count181
\Gm@bindingoffset=\dimen136
\Gm@wd@mp=\dimen137
\Gm@odd@mp=\dimen138
\Gm@even@mp=\dimen139
\Gm@layoutwidth=\dimen140
\Gm@layoutheight=\dimen141
\Gm@layouthoffset=\dimen142
\Gm@layoutvoffset=\dimen143
\Gm@dimlist=\toks16
)
(/Users/jacksontorres/Library/TinyTeX/texmf-dist/tex/latex/titlesec/titlesec.st
y
Package: titlesec 2019/10/16 v2.13 Sectioning titles
\ttl@box=\box45
\beforetitleunit=\skip49
\aftertitleunit=\skip50
\ttl@plus=\dimen144
\ttl@minus=\dimen145
\ttl@toksa=\toks17
\titlewidth=\dimen146
\titlewidthlast=\dimen147
\titlewidthfirst=\dimen148
)
(/Users/jacksontorres/Library/TinyTeX/texmf-dist/tex/latex/titlesec/titletoc.st
y
Package: titletoc 2019/10/16 v2.13 TOC entries
\ttl@leftsep=\dimen149
)
(/Users/jacksontorres/Library/TinyTeX/texmf-dist/tex/latex/tocbibind/tocbibind.
sty
Package: tocbibind 2010/10/13 v1.5k extra ToC listings
Package tocbibind Info: The document has chapter divisions on input line 50.

Package tocbibind Note: Using chapter style headings, unless overridden.

)
(/Users/jacksontorres/Library/TinyTeX/texmf-dist/tex/latex/enumitem/enumitem.st
y
Package: enumitem 2019/06/20 v3.9 Customized lists
\labelindent=\skip51
\enit@outerparindent=\dimen150
\enit@toks=\toks18
\enit@inbox=\box46
\enit@count@id=\count182
\enitdp@description=\count183
) (/Users/jacksontorres/Library/TinyTeX/texmf-dist/tex/latex/caption/caption.st
y
Package: caption 2020/05/30 v3.4k Customizing captions (AR)

(/Users/jacksontorres/Library/TinyTeX/texmf-dist/tex/latex/caption/caption3.sty
Package: caption3 2020/07/20 v1.12b caption3 kernel (AR)
Package caption3 Info: TeX engine: e-TeX on input line 61.
\captionmargin=\dimen151
\captionmargin@=\dimen152
\captionwidth=\dimen153
\caption@tempdima=\dimen154
\caption@indent=\dimen155
\caption@parindent=\dimen156
\caption@hangindent=\dimen157
Package caption Info: Standard document class detected.
)
\c@caption@flags=\count184
\c@continuedfloat=\count185
)
(/Users/jacksontorres/Library/TinyTeX/texmf-dist/tex/latex/setspace/setspace.st
y
Package: setspace 2011/12/19 v6.7a set line spacing
) (/Users/jacksontorres/Library/TinyTeX/texmf-dist/tex/latex/url/url.sty
\Urlmuskip=\muskip16
Package: url 2013/09/16  ver 3.4  Verb mode for urls, etc.
)
(/Users/jacksontorres/Library/TinyTeX/texmf-dist/tex/latex/wallpaper/wallpaper.
sty
Package: wallpaper 2005/01/18, v1.01 easy wallpaper formatting (MHFW)
(/Users/jacksontorres/Library/TinyTeX/texmf-dist/tex/latex/base/ifthen.sty
Package: ifthen 2014/09/29 v1.1c Standard LaTeX ifthen package (DPC)
) (/Users/jacksontorres/Library/TinyTeX/texmf-dist/tex/latex/tools/calc.sty
Package: calc 2017/05/25 v4.3 Infix arithmetic (KKT,FJ)
\calc@Acount=\count186
\calc@Bcount=\count187
\calc@Adimen=\dimen158
\calc@Bdimen=\dimen159
\calc@Askip=\skip52
\calc@Bskip=\skip53
LaTeX Info: Redefining \setlength on input line 80.
LaTeX Info: Redefining \addtolength on input line 81.
\calc@Ccount=\count188
\calc@Cskip=\skip54
) (/Users/jacksontorres/Library/TinyTeX/texmf-dist/tex/latex/eso-pic/eso-pic.st
y
Package: eso-pic 2018/04/12 v2.0h eso-pic (RN)

(/Users/jacksontorres/Library/TinyTeX/texmf-dist/tex/generic/atbegshi/atbegshi.
sty
Package: atbegshi 2019/12/05 v1.19 At begin shipout hook (HO)
) (/Users/jacksontorres/Library/TinyTeX/texmf-dist/tex/latex/xcolor/xcolor.sty
Package: xcolor 2016/05/11 v2.12 LaTeX color extensions (UK)

(/Users/jacksontorres/Library/TinyTeX/texmf-dist/tex/latex/graphics-cfg/color.c
fg
File: color.cfg 2016/01/02 v1.6 sample color configuration
)
Package xcolor Info: Driver file: pdftex.def on input line 225.

(/Users/jacksontorres/Library/TinyTeX/texmf-dist/tex/latex/graphics-def/pdftex.
def
File: pdftex.def 2018/01/08 v1.0l Graphics/color driver for pdftex
)
Package xcolor Info: Model `cmy' substituted by `cmy0' on input line 1348.
Package xcolor Info: Model `hsb' substituted by `rgb' on input line 1352.
Package xcolor Info: Model `RGB' extended on input line 1364.
Package xcolor Info: Model `HTML' substituted by `rgb' on input line 1366.
Package xcolor Info: Model `Hsb' substituted by `hsb' on input line 1367.
Package xcolor Info: Model `tHsb' substituted by `hsb' on input line 1368.
Package xcolor Info: Model `HSB' substituted by `hsb' on input line 1369.
Package xcolor Info: Model `Gray' substituted by `gray' on input line 1370.
Package xcolor Info: Model `wave' substituted by `hsb' on input line 1371.
))
(/Users/jacksontorres/Library/TinyTeX/texmf-dist/tex/latex/graphics/graphicx.st
y
Package: graphicx 2019/11/30 v1.2a Enhanced LaTeX Graphics (DPC,SPQR)

(/Users/jacksontorres/Library/TinyTeX/texmf-dist/tex/latex/graphics/graphics.st
y
Package: graphics 2019/11/30 v1.4a Standard LaTeX Graphics (DPC,SPQR)
(/Users/jacksontorres/Library/TinyTeX/texmf-dist/tex/latex/graphics/trig.sty
Package: trig 2016/01/03 v1.10 sin cos tan (DPC)
)
(/Users/jacksontorres/Library/TinyTeX/texmf-dist/tex/latex/graphics-cfg/graphic
s.cfg
File: graphics.cfg 2016/06/04 v1.11 sample graphics configuration
)
Package graphics Info: Driver file: pdftex.def on input line 105.
)
\Gin@req@height=\dimen160
\Gin@req@width=\dimen161
)
\wpXoffset=\skip55
\wpYoffset=\skip56
\tileXoffset=\skip57
\tileYoffset=\skip58
\tilewidth=\skip59
\tileheight=\skip60
\tileX=\skip61
\tileY=\skip62
)
(/Users/jacksontorres/Library/TinyTeX/texmf-dist/tex/latex/fancyhdr/fancyhdr.st
y
Package: fancyhdr 2019/01/31 v3.10 Extensive control of page headers and footer
s
\f@nch@headwidth=\skip63
\f@nch@O@elh=\skip64
\f@nch@O@erh=\skip65
\f@nch@O@olh=\skip66
\f@nch@O@orh=\skip67
\f@nch@O@elf=\skip68
\f@nch@O@erf=\skip69
\f@nch@O@olf=\skip70
\f@nch@O@orf=\skip71
)
(/Users/jacksontorres/Library/TinyTeX/texmf-dist/tex/latex/hyperref/hyperref.st
y
Package: hyperref 2020-05-15 v7.00e Hypertext links for LaTeX

(/Users/jacksontorres/Library/TinyTeX/texmf-dist/tex/generic/kvsetkeys/kvsetkey
s.sty
Package: kvsetkeys 2019/12/15 v1.18 Key value parser (HO)
)
(/Users/jacksontorres/Library/TinyTeX/texmf-dist/tex/generic/kvdefinekeys/kvdef
inekeys.sty
Package: kvdefinekeys 2019-12-19 v1.6 Define keys (HO)
)
(/Users/jacksontorres/Library/TinyTeX/texmf-dist/tex/generic/pdfescape/pdfescap
e.sty
Package: pdfescape 2019/12/09 v1.15 Implements pdfTeX's escape features (HO)
) (/Users/jacksontorres/Library/TinyTeX/texmf-dist/tex/latex/hycolor/hycolor.st
y
Package: hycolor 2020-01-27 v1.10 Color options for hyperref/bookmark (HO)
)
(/Users/jacksontorres/Library/TinyTeX/texmf-dist/tex/latex/letltxmacro/letltxma
cro.sty
Package: letltxmacro 2019/12/03 v1.6 Let assignment for LaTeX macros (HO)
) (/Users/jacksontorres/Library/TinyTeX/texmf-dist/tex/latex/auxhook/auxhook.st
y
Package: auxhook 2019-12-17 v1.6 Hooks for auxiliary files (HO)
)
(/Users/jacksontorres/Library/TinyTeX/texmf-dist/tex/latex/kvoptions/kvoptions.
sty
Package: kvoptions 2019/11/29 v3.13 Key value format for package options (HO)
)
\@linkdim=\dimen162
\Hy@linkcounter=\count189
\Hy@pagecounter=\count190
(/Users/jacksontorres/Library/TinyTeX/texmf-dist/tex/latex/hyperref/pd1enc.def
File: pd1enc.def 2020-05-15 v7.00e Hyperref: PDFDocEncoding definition (HO)
Now handling font encoding PD1 ...
... no UTF-8 mapping file for font encoding PD1
)
(/Users/jacksontorres/Library/TinyTeX/texmf-dist/tex/generic/intcalc/intcalc.st
y
Package: intcalc 2019/12/15 v1.3 Expandable calculations with integers (HO)
)
(/Users/jacksontorres/Library/TinyTeX/texmf-dist/tex/generic/etexcmds/etexcmds.
sty
Package: etexcmds 2019/12/15 v1.7 Avoid name clashes with e-TeX commands (HO)
)
\Hy@SavedSpaceFactor=\count191
Package hyperref Info: Option `unicode' set `true' on input line 4338.
(/Users/jacksontorres/Library/TinyTeX/texmf-dist/tex/latex/hyperref/puenc.def
File: puenc.def 2020-05-15 v7.00e Hyperref: PDF Unicode definition (HO)
Now handling font encoding PU ...
... no UTF-8 mapping file for font encoding PU
)
Package hyperref Info: Option `plainpages' set `true' on input line 4338.
Package hyperref Info: Option `pdfpagelabels' set `true' on input line 4338.
Package hyperref Info: Hyper figures OFF on input line 4464.
Package hyperref Info: Link nesting OFF on input line 4469.
Package hyperref Info: Hyper index ON on input line 4472.
Package hyperref Info: Plain pages ON on input line 4477.
Package hyperref Info: Backreferencing OFF on input line 4484.
Package hyperref Info: Implicit mode ON; LaTeX internals redefined.
Package hyperref Info: Bookmarks ON on input line 4717.
\c@Hy@tempcnt=\count192
LaTeX Info: Redefining \url on input line 5076.
\XeTeXLinkMargin=\dimen163
(/Users/jacksontorres/Library/TinyTeX/texmf-dist/tex/generic/bitset/bitset.sty
Package: bitset 2019/12/09 v1.3 Handle bit-vector datatype (HO)

(/Users/jacksontorres/Library/TinyTeX/texmf-dist/tex/generic/bigintcalc/bigintc
alc.sty
Package: bigintcalc 2019/12/15 v1.5 Expandable calculations on big integers (HO
)
))
\Fld@menulength=\count193
\Field@Width=\dimen164
\Fld@charsize=\dimen165
Package hyperref Info: Hyper figures OFF on input line 6347.
Package hyperref Info: Link nesting OFF on input line 6352.
Package hyperref Info: Hyper index ON on input line 6355.
Package hyperref Info: backreferencing OFF on input line 6362.
Package hyperref Info: Link coloring OFF on input line 6367.
Package hyperref Info: Link coloring with OCG OFF on input line 6372.
Package hyperref Info: PDF/A mode OFF on input line 6377.
LaTeX Info: Redefining \ref on input line 6417.
LaTeX Info: Redefining \pageref on input line 6421.
\Hy@abspage=\count194
\c@Item=\count195
\c@Hfootnote=\count196
)
Package hyperref Info: Driver (autodetected): hpdftex.

(/Users/jacksontorres/Library/TinyTeX/texmf-dist/tex/latex/hyperref/hpdftex.def
File: hpdftex.def 2020-05-15 v7.00e Hyperref driver for pdfTeX

(/Users/jacksontorres/Library/TinyTeX/texmf-dist/tex/latex/atveryend/atveryend.
sty
Package: atveryend 2019-12-11 v1.11 Hooks at the very end of document (HO)
Package atveryend Info: \enddocument detected (standard20110627).
)
\Fld@listcount=\count197
\c@bookmark@seq@number=\count198

(/Users/jacksontorres/Library/TinyTeX/texmf-dist/tex/latex/rerunfilecheck/rerun
filecheck.sty
Package: rerunfilecheck 2019/12/05 v1.9 Rerun checks for auxiliary files (HO)

(/Users/jacksontorres/Library/TinyTeX/texmf-dist/tex/generic/uniquecounter/uniq
uecounter.sty
Package: uniquecounter 2019/12/15 v1.4 Provide unlimited unique counter (HO)
)
Package uniquecounter Info: New unique counter `rerunfilecheck' on input line 2
86.
)
\Hy@SectionHShift=\skip72
)
(/Users/jacksontorres/Library/TinyTeX/texmf-dist/tex/latex/bookmark/bookmark.st
y
Package: bookmark 2019/12/03 v1.28 PDF bookmarks (HO)

(/Users/jacksontorres/Library/TinyTeX/texmf-dist/tex/latex/bookmark/bkm-pdftex.
def
File: bkm-pdftex.def 2019/12/03 v1.28 bookmark driver for pdfTeX (HO)
\BKM@id=\count199
))
Package hyperref Info: Option `hypertexnames' set `false' on input line 441.
Package hyperref Info: Option `colorlinks' set `false' on input line 441.

(/Users/jacksontorres/Library/TinyTeX/texmf-dist/tex/latex/microtype/microtype.
sty
Package: microtype 2019/11/18 v2.7d Micro-typographical refinements (RS)
\MT@toks=\toks19
\MT@count=\count266
LaTeX Info: Redefining \textls on input line 790.
\MT@outer@kern=\dimen166
LaTeX Info: Redefining \textmicrotypecontext on input line 1354.
\MT@listname@count=\count267

(/Users/jacksontorres/Library/TinyTeX/texmf-dist/tex/latex/microtype/microtype-
pdftex.def
File: microtype-pdftex.def 2019/11/18 v2.7d Definitions specific to pdftex (RS)

LaTeX Info: Redefining \lsstyle on input line 914.
LaTeX Info: Redefining \lslig on input line 914.
\MT@outer@space=\skip73
)
Package microtype Info: Loading configuration file microtype.cfg.

(/Users/jacksontorres/Library/TinyTeX/texmf-dist/tex/latex/microtype/microtype.
cfg
File: microtype.cfg 2019/11/18 v2.7d microtype main configuration file (RS)
))) (/Users/jacksontorres/Library/TinyTeX/texmf-dist/tex/latex/lm/lmodern.sty
Package: lmodern 2009/10/30 v1.6 Latin Modern Fonts
LaTeX Font Info:    Overwriting symbol font `operators' in version `normal'
(Font)                  OT1/cmr/m/n --> OT1/lmr/m/n on input line 22.
LaTeX Font Info:    Overwriting symbol font `letters' in version `normal'
(Font)                  OML/cmm/m/it --> OML/lmm/m/it on input line 23.
LaTeX Font Info:    Overwriting symbol font `symbols' in version `normal'
(Font)                  OMS/cmsy/m/n --> OMS/lmsy/m/n on input line 24.
LaTeX Font Info:    Overwriting symbol font `largesymbols' in version `normal'
(Font)                  OMX/cmex/m/n --> OMX/lmex/m/n on input line 25.
LaTeX Font Info:    Overwriting symbol font `operators' in version `bold'
(Font)                  OT1/cmr/bx/n --> OT1/lmr/bx/n on input line 26.
LaTeX Font Info:    Overwriting symbol font `letters' in version `bold'
(Font)                  OML/cmm/b/it --> OML/lmm/b/it on input line 27.
LaTeX Font Info:    Overwriting symbol font `symbols' in version `bold'
(Font)                  OMS/cmsy/b/n --> OMS/lmsy/b/n on input line 28.
LaTeX Font Info:    Overwriting symbol font `largesymbols' in version `bold'
(Font)                  OMX/cmex/m/n --> OMX/lmex/m/n on input line 29.
LaTeX Font Info:    Overwriting math alphabet `\mathbf' in version `normal'
(Font)                  OT1/cmr/bx/n --> OT1/lmr/bx/n on input line 31.
LaTeX Font Info:    Overwriting math alphabet `\mathsf' in version `normal'
(Font)                  OT1/cmss/m/n --> OT1/lmss/m/n on input line 32.
LaTeX Font Info:    Overwriting math alphabet `\mathit' in version `normal'
(Font)                  OT1/cmr/m/it --> OT1/lmr/m/it on input line 33.
LaTeX Font Info:    Overwriting math alphabet `\mathtt' in version `normal'
(Font)                  OT1/cmtt/m/n --> OT1/lmtt/m/n on input line 34.
LaTeX Font Info:    Overwriting math alphabet `\mathbf' in version `bold'
(Font)                  OT1/cmr/bx/n --> OT1/lmr/bx/n on input line 35.
LaTeX Font Info:    Overwriting math alphabet `\mathsf' in version `bold'
(Font)                  OT1/cmss/bx/n --> OT1/lmss/bx/n on input line 36.
LaTeX Font Info:    Overwriting math alphabet `\mathit' in version `bold'
(Font)                  OT1/cmr/bx/it --> OT1/lmr/bx/it on input line 37.
LaTeX Font Info:    Overwriting math alphabet `\mathtt' in version `bold'
(Font)                  OT1/cmtt/m/n --> OT1/lmtt/m/n on input line 38.
)
(/Users/jacksontorres/Library/TinyTeX/texmf-dist/tex/latex/amsfonts/amssymb.sty
Package: amssymb 2013/01/14 v3.01 AMS font symbols

(/Users/jacksontorres/Library/TinyTeX/texmf-dist/tex/latex/amsfonts/amsfonts.st
y
Package: amsfonts 2013/01/14 v3.01 Basic AMSFonts support
\@emptytoks=\toks20
\symAMSa=\mathgroup4
\symAMSb=\mathgroup5
LaTeX Font Info:    Redeclaring math symbol \hbar on input line 98.
LaTeX Font Info:    Overwriting math alphabet `\mathfrak' in version `bold'
(Font)                  U/euf/m/n --> U/euf/b/n on input line 106.
)) (/Users/jacksontorres/Library/TinyTeX/texmf-dist/tex/latex/amsmath/amsmath.s
ty
Package: amsmath 2020/01/20 v2.17e AMS math features
\@mathmargin=\skip74
For additional information on amsmath, use the `?' option.
(/Users/jacksontorres/Library/TinyTeX/texmf-dist/tex/latex/amsmath/amstext.sty
Package: amstext 2000/06/29 v2.01 AMS text
(/Users/jacksontorres/Library/TinyTeX/texmf-dist/tex/latex/amsmath/amsgen.sty
File: amsgen.sty 1999/11/30 v2.0 generic functions
\@emptytoks=\toks21
\ex@=\dimen167
)) (/Users/jacksontorres/Library/TinyTeX/texmf-dist/tex/latex/amsmath/amsbsy.st
y
Package: amsbsy 1999/11/29 v1.2d Bold Symbols
\pmbraise@=\dimen168
) (/Users/jacksontorres/Library/TinyTeX/texmf-dist/tex/latex/amsmath/amsopn.sty
Package: amsopn 2016/03/08 v2.02 operator names
)
\inf@bad=\count268
LaTeX Info: Redefining \frac on input line 227.
\uproot@=\count269
\leftroot@=\count270
LaTeX Info: Redefining \overline on input line 389.
\classnum@=\count271
\DOTSCASE@=\count272
LaTeX Info: Redefining \ldots on input line 486.
LaTeX Info: Redefining \dots on input line 489.
LaTeX Info: Redefining \cdots on input line 610.
\Mathstrutbox@=\box47
\strutbox@=\box48
\big@size=\dimen169
LaTeX Font Info:    Redeclaring font encoding OML on input line 733.
LaTeX Font Info:    Redeclaring font encoding OMS on input line 734.
\macc@depth=\count273
\c@MaxMatrixCols=\count274
\dotsspace@=\muskip17
\c@parentequation=\count275
\dspbrk@lvl=\count276
\tag@help=\toks22
\row@=\count277
\column@=\count278
\maxfields@=\count279
\andhelp@=\toks23
\eqnshift@=\dimen170
\alignsep@=\dimen171
\tagshift@=\dimen172
\tagwidth@=\dimen173
\totwidth@=\dimen174
\lineht@=\dimen175
\@envbody=\toks24
\multlinegap=\skip75
\multlinetaggap=\skip76
\mathdisplay@stack=\toks25
LaTeX Info: Redefining \[ on input line 2859.
LaTeX Info: Redefining \] on input line 2860.
) (/Users/jacksontorres/Library/TinyTeX/texmf-dist/tex/generic/iftex/ifxetex.st
y
Package: ifxetex 2019/10/25 v0.7 ifxetex legacy package. Use iftex instead.
)
(/Users/jacksontorres/Library/TinyTeX/texmf-dist/tex/generic/iftex/ifluatex.sty
Package: ifluatex 2019/10/25 v1.5 ifluatex legacy package. Use iftex instead.
) (/Users/jacksontorres/Library/TinyTeX/texmf-dist/tex/latex/base/fixltx2e.sty
Package: fixltx2e 2016/12/29 v2.1a fixes to LaTeX (obsolete)
Applying: [2015/01/01] Old fixltx2e package on input line 46.

Package fixltx2e Warning: fixltx2e is not required with releases after 2015
(fixltx2e)                All fixes are now in the LaTeX kernel.
(fixltx2e)                See the latexrelease package for details.

Already applied: [0000/00/00] Old fixltx2e package on input line 53.
) (/Users/jacksontorres/Library/TinyTeX/texmf-dist/tex/latex/base/fontenc.sty
Package: fontenc 2020/02/11 v2.0o Standard LaTeX package
LaTeX Font Info:    Trying to load font information for T1+lmr on input line 11
2.
(/Users/jacksontorres/Library/TinyTeX/texmf-dist/tex/latex/lm/t1lmr.fd
File: t1lmr.fd 2009/10/30 v1.6 Font defs for Latin Modern
)) (/Users/jacksontorres/Library/TinyTeX/texmf-dist/tex/latex/base/inputenc.sty
Package: inputenc 2018/08/11 v1.3c Input encoding file
\inpenc@prehook=\toks26
\inpenc@posthook=\toks27
) (/Users/jacksontorres/Library/TinyTeX/texmf-dist/tex/latex/base/textcomp.sty
Package: textcomp 2020/02/02 v2.0n Standard LaTeX package
)
Package hyperref Info: Option `breaklinks' set `true' on input line 33.
(/Users/jacksontorres/Library/TinyTeX/texmf-dist/tex/latex/grffile/grffile.sty
Package: grffile 2019/11/11 v2.1 Extended file name support for graphics (legac
y)
Package grffile Info: This package is an empty stub for compatibility on input 
line 40.
) (/Users/jacksontorres/Library/TinyTeX/texmf-dist/tex/latex/lipsum/lipsum.sty 
(/Users/jacksontorres/Library/TinyTeX/texmf-dist/tex/latex/l3kernel/expl3.sty
Package: expl3 2020-08-07 L3 programming layer (loader) 

(/Users/jacksontorres/Library/TinyTeX/texmf-dist/tex/latex/l3backend/l3backend-
pdfmode.def
File: l3backend-pdfmode.def 2020-08-07 L3 backend support: PDF mode
\l__kernel_color_stack_int=\count280
\l__pdf_internal_box=\box49
))
(/Users/jacksontorres/Library/TinyTeX/texmf-dist/tex/latex/l3packages/xparse/xp
arse.sty
Package: xparse 2020-05-15 L3 Experimental document command parser

(/Users/jacksontorres/Library/TinyTeX/texmf-dist/tex/latex/l3packages/xparse/xp
arse-generic.tex
\l__xparse_current_arg_int=\count281
\g__xparse_grabber_int=\count282
\l__xparse_m_args_int=\count283
\l__xparse_v_nesting_int=\count284
))
Package: lipsum 2019/01/02 v2.2 150 paragraphs of Lorem Ipsum dummy text

(/Users/jacksontorres/Library/TinyTeX/texmf-dist/tex/latex/lipsum/lipsum.ltd.te
x
File: lipsum.ltd.tex 2019/01/02 v2.2 The Lorem ipsum dummy text
)) (./Research-Document.aux
(/Users/jacksontorres/Library/TinyTeX/texmf-dist/tex/generic/babel/locale/pt/ba
bel-brazilian.tex
(/Users/jacksontorres/Library/TinyTeX/texmf-dist/tex/generic/babel/locale/pt/ba
bel-portuguese-brazil.tex
Package babel Info: Importing data for brazilian
(babel)             from babel-pt-BR.ini. Reported on input line 11.
))
Package babel Info: \l@brazilian = using hyphenrules for nil
(babel)             (\language4) on input line 23.

(/Users/jacksontorres/Library/TinyTeX/texmf-dist/tex/generic/babel/locale/en/ba
bel-english.tex
Package babel Info: Importing data for english
(babel)             from babel-en.ini. Reported on input line 11.
)

LaTeX Warning: Label `fig:comun-intra-inter' multiply defined.


LaTeX Warning: Label `tab:modelos' multiply defined.


LaTeX Warning: Label `eq:relatividade' multiply defined.


LaTeX Warning: Label `fig:comun-intra-inter' multiply defined.


LaTeX Warning: Label `tab:modelos' multiply defined.


LaTeX Warning: Label `eq:relatividade' multiply defined.

)
\openout1 = `Research-Document.aux'.

LaTeX Font Info:    Checking defaults for OML/cmm/m/it on input line 68.
LaTeX Font Info:    ... okay on input line 68.
LaTeX Font Info:    Checking defaults for OMS/cmsy/m/n on input line 68.
LaTeX Font Info:    ... okay on input line 68.
LaTeX Font Info:    Checking defaults for OT1/cmr/m/n on input line 68.
LaTeX Font Info:    ... okay on input line 68.
LaTeX Font Info:    Checking defaults for T1/cmr/m/n on input line 68.
LaTeX Font Info:    ... okay on input line 68.
LaTeX Font Info:    Checking defaults for TS1/cmr/m/n on input line 68.
LaTeX Font Info:    ... okay on input line 68.
LaTeX Font Info:    Checking defaults for OMX/cmex/m/n on input line 68.
LaTeX Font Info:    ... okay on input line 68.
LaTeX Font Info:    Checking defaults for U/cmr/m/n on input line 68.
LaTeX Font Info:    ... okay on input line 68.
LaTeX Font Info:    Checking defaults for PD1/pdf/m/n on input line 68.
LaTeX Font Info:    ... okay on input line 68.
LaTeX Font Info:    Checking defaults for PU/pdf/m/n on input line 68.
LaTeX Font Info:    ... okay on input line 68.
*geometry* driver: auto-detecting
*geometry* detected driver: pdftex
*geometry* verbose mode - [ preamble ] result:
* driver: pdftex
* paper: a4paper
* layout: <same size as paper>
* layoutoffset:(h,v)=(0.0pt,0.0pt)
* bindingoffset: 28.45274pt
* modes: 
* h-part:(L,W,R)=(56.9055pt, 455.24413pt, 56.9055pt)
* v-part:(T,H,B)=(85.35826pt, 702.78308pt, 56.9055pt)
* \paperwidth=597.50787pt
* \paperheight=845.04684pt
* \textwidth=455.24413pt
* \textheight=702.78308pt
* \oddsidemargin=13.08826pt
* \evensidemargin=-15.36449pt
* \topmargin=-18.78552pt
* \headheight=15.0pt
* \headsep=19.8738pt
* \topskip=12.0pt
* \footskip=30.0pt
* \marginparwidth=38.0pt
* \marginparsep=7.0pt
* \columnsep=10.0pt
* \skip\footins=10.8pt plus 4.0pt minus 2.0pt
* \hoffset=0.0pt
* \voffset=0.0pt
* \mag=1000
* \@twocolumnfalse
* \@twosidefalse
* \@mparswitchfalse
* \@reversemarginfalse
* (1in=72.27pt=25.4mm, 1cm=28.453pt)

Package caption Info: Begin \AtBeginDocument code.
Package caption Info: hyperref package is loaded.
Package caption Info: End \AtBeginDocument code.
\AtBeginShipoutBox=\box50

(/Users/jacksontorres/Library/TinyTeX/texmf-dist/tex/latex/epstopdf-pkg/epstopd
f-base.sty
Package: epstopdf-base 2020-01-24 v2.11 Base part for package epstopdf
Package epstopdf-base Info: Redefining graphics rule for `.eps' on input line 4
85.

(/Users/jacksontorres/Library/TinyTeX/texmf-dist/tex/latex/latexconfig/epstopdf
-sys.cfg
File: epstopdf-sys.cfg 2010/07/13 v1.3 Configuration of (r)epstopdf for TeX Liv
e
))
Package hyperref Info: Link coloring OFF on input line 68.

(/Users/jacksontorres/Library/TinyTeX/texmf-dist/tex/latex/hyperref/nameref.sty
Package: nameref 2019/09/16 v2.46 Cross-referencing by name of section

(/Users/jacksontorres/Library/TinyTeX/texmf-dist/tex/latex/refcount/refcount.st
y
Package: refcount 2019/12/15 v3.6 Data extraction from label references (HO)
)
(/Users/jacksontorres/Library/TinyTeX/texmf-dist/tex/generic/gettitlestring/get
titlestring.sty
Package: gettitlestring 2019/12/15 v1.6 Cleanup title references (HO)
)
\c@section@level=\count285
)
LaTeX Info: Redefining \ref on input line 68.
LaTeX Info: Redefining \pageref on input line 68.
LaTeX Info: Redefining \nameref on input line 68.
LaTeX Info: Redefining \microtypecontext on input line 68.
Package microtype Info: Generating PDF output.
Package microtype Info: Character protrusion enabled (level 2).
Package microtype Info: Using protrusion set `basicmath'.
Package microtype Info: Automatic font expansion enabled (level 2),
(microtype)             stretch: 20, shrink: 20, step: 1, non-selected.
Package microtype Info: Using default expansion set `basictext'.
LaTeX Info: Redefining \showhyphens on input line 68.
Package microtype Info: No adjustment of tracking.
Package microtype Info: No adjustment of interword spacing.
Package microtype Info: No adjustment of character kerning.

(/Users/jacksontorres/Library/TinyTeX/texmf-dist/tex/latex/microtype/mt-cmr.cfg
File: mt-cmr.cfg 2013/05/19 v2.2 microtype config. file: Computer Modern Roman 
(RS)
)
LaTeX Info: Redefining \\ on input line 100.
LaTeX Font Info:    Trying to load font information for OT1+lmr on input line 1
00.
(/Users/jacksontorres/Library/TinyTeX/texmf-dist/tex/latex/lm/ot1lmr.fd
File: ot1lmr.fd 2009/10/30 v1.6 Font defs for Latin Modern
)
LaTeX Font Info:    Trying to load font information for OML+lmm on input line 1
00.
(/Users/jacksontorres/Library/TinyTeX/texmf-dist/tex/latex/lm/omllmm.fd
File: omllmm.fd 2009/10/30 v1.6 Font defs for Latin Modern
)
LaTeX Font Info:    Trying to load font information for OMS+lmsy on input line 
100.
(/Users/jacksontorres/Library/TinyTeX/texmf-dist/tex/latex/lm/omslmsy.fd
File: omslmsy.fd 2009/10/30 v1.6 Font defs for Latin Modern
)
LaTeX Font Info:    Trying to load font information for OMX+lmex on input line 
100.
(/Users/jacksontorres/Library/TinyTeX/texmf-dist/tex/latex/lm/omxlmex.fd
File: omxlmex.fd 2009/10/30 v1.6 Font defs for Latin Modern
)
LaTeX Font Info:    External font `lmex10' loaded for size
(Font)              <12> on input line 100.
LaTeX Font Info:    External font `lmex10' loaded for size
(Font)              <8> on input line 100.
LaTeX Font Info:    External font `lmex10' loaded for size
(Font)              <6> on input line 100.
LaTeX Font Info:    Trying to load font information for U+msa on input line 100
.
(/Users/jacksontorres/Library/TinyTeX/texmf-dist/tex/latex/amsfonts/umsa.fd
File: umsa.fd 2013/01/14 v3.01 AMS symbols A
)
(/Users/jacksontorres/Library/TinyTeX/texmf-dist/tex/latex/microtype/mt-msa.cfg
File: mt-msa.cfg 2006/02/04 v1.1 microtype config. file: AMS symbols (a) (RS)
)
LaTeX Font Info:    Trying to load font information for U+msb on input line 100
.
(/Users/jacksontorres/Library/TinyTeX/texmf-dist/tex/latex/amsfonts/umsb.fd
File: umsb.fd 2013/01/14 v3.01 AMS symbols B
)
(/Users/jacksontorres/Library/TinyTeX/texmf-dist/tex/latex/microtype/mt-msb.cfg
File: mt-msb.cfg 2005/06/01 v1.0 microtype config. file: AMS symbols (b) (RS)
)
<fundo-capa.jpg, id=4, 502.5174pt x 569.4876pt>
File: fundo-capa.jpg Graphic file (type jpg)
<use fundo-capa.jpg>
Package pdftex.def Info: fundo-capa.jpg  used on input line 100.
(pdftex.def)             Requested size: 597.52005pt x 677.15121pt.
[1


{/Users/jacksontorres/Library/TinyTeX/texmf-var/fonts/map/pdftex/updmap/pdftex.
map} <./fundo-capa.jpg>] [2


] [3


]
LaTeX Font Info:    External font `lmex10' loaded for size
(Font)              <10> on input line 121.
LaTeX Font Info:    External font `lmex10' loaded for size
(Font)              <7> on input line 121.
LaTeX Font Info:    External font `lmex10' loaded for size
(Font)              <5> on input line 121.
[4


] [5


] (./Research-Document.lof)
\tf@lof=\write3
\openout3 = `Research-Document.lof'.

[6


] (./Research-Document.lot)
\tf@lot=\write4
\openout4 = `Research-Document.lot'.

[7


] (./Research-Document.toc [8

])
\tf@toc=\write5
\openout5 = `Research-Document.toc'.

[9]
Chapter 1.

LaTeX Warning: Citation `bibufpr15' on page 10 undefined on input line 142.


LaTeX Warning: Citation `maziero15' on page 10 undefined on input line 146.

LaTeX Font Info:    Trying to load font information for T1+lmtt on input line 1
48.
(/Users/jacksontorres/Library/TinyTeX/texmf-dist/tex/latex/lm/t1lmtt.fd
File: t1lmtt.fd 2009/10/30 v1.6 Font defs for Latin Modern
)
LaTeX Font Info:    Trying to load font information for TS1+lmr on input line 1
53.
(/Users/jacksontorres/Library/TinyTeX/texmf-dist/tex/latex/lm/ts1lmr.fd
File: ts1lmr.fd 2009/10/30 v1.6 Font defs for Latin Modern
) [10

] [11]
Chapter 2.

LaTeX Warning: Citation `oetiker07' on page 12 undefined on input line 220.


LaTeX Warning: Citation `goossens93' on page 12 undefined on input line 221.

LaTeX Font Info:    Trying to load font information for TS1+lmtt on input line 
246.
(/Users/jacksontorres/Library/TinyTeX/texmf-dist/tex/latex/lm/ts1lmtt.fd
File: ts1lmtt.fd 2009/10/30 v1.6 Font defs for Latin Modern
) [12

]
<exemplo-figura.pdf, id=245, 329.23pt x 197.73875pt>
File: exemplo-figura.pdf Graphic file (type pdf)
<use exemplo-figura.pdf>
Package pdftex.def Info: exemplo-figura.pdf  used on input line 277.
(pdftex.def)             Requested size: 329.2342pt x 197.74127pt.

LaTeX Warning: Citation `goossens93' on page 13 undefined on input line 282.

[13 <./exemplo-figura.pdf>] [14] [15]
Chapter 3.

LaTeX Warning: Citation `oetiker07' on page 16 undefined on input line 402.


LaTeX Warning: Citation `goossens93' on page 16 undefined on input line 403.

[16

]
File: exemplo-figura.pdf Graphic file (type pdf)
<use exemplo-figura.pdf>
Package pdftex.def Info: exemplo-figura.pdf  used on input line 459.
(pdftex.def)             Requested size: 329.2342pt x 197.74127pt.

LaTeX Warning: Citation `goossens93' on page 17 undefined on input line 464.

[17] [18] [19]
Chapter 4.

LaTeX Warning: Citation `oetiker07' on page 20 undefined on input line 584.


LaTeX Warning: Citation `goossens93' on page 20 undefined on input line 585.

[20

]
File: exemplo-figura.pdf Graphic file (type pdf)
<use exemplo-figura.pdf>
Package pdftex.def Info: exemplo-figura.pdf  used on input line 641.
(pdftex.def)             Requested size: 329.2342pt x 197.74127pt.

LaTeX Warning: Citation `goossens93' on page 21 undefined on input line 646.

[21] [22] [23]
Chapter 5.
(./Research-Document.bbl [24

]) [25

]
Chapter 6.
[26

] [27] [28]
Chapter 7.
[29

]
Package atveryend Info: Empty hook `BeforeClearDocument' on input line 881.
[30]
Package atveryend Info: Empty hook `AfterLastShipout' on input line 881.
(./Research-Document.aux)
Package atveryend Info: Executing hook `AtVeryEndDocument' on input line 881.
Package atveryend Info: Empty hook `AtEndAfterFileList' on input line 881.

LaTeX Warning: There were undefined references.


LaTeX Warning: There were multiply-defined labels.

Package atveryend Info: Empty hook `AtVeryVeryEnd' on input line 881.
 ) 
Here is how much of TeX's memory you used:
 16554 strings out of 482841
 260699 string characters out of 5952941
 820768 words of memory out of 5000000
 31372 multiletter control sequences out of 15000+600000
 596408 words of font info for 123 fonts, out of 8000000 for 9000
 14 hyphenation exceptions out of 8191
 52i,13n,58p,527b,616s stack positions out of 5000i,500n,10000p,200000b,80000s
pdfTeX warning (dest): name{section*.73} has been referenced but does not exi
st, replaced by a fixed one

pdfTeX warning (dest): name{chapter.72} has been referenced but does not exist,
 replaced by a fixed one

pdfTeX warning (dest): name{subsection*.70} has been referenced but does not ex
ist, replaced by a fixed one

pdfTeX warning (dest): name{section*.69} has been referenced but does not exist
, replaced by a fixed one

pdfTeX warning (dest): name{chapter.68} has been referenced but does not exist,
 replaced by a fixed one

{/Users/jacksontorres/Library/TinyTeX/texmf-dist/fonts/enc/dvips/lm/lm-ec.enc}{
/Users/jacksontorres/Library/TinyTeX/texmf-dist/fonts/enc/dvips/lm/lm-mathsy.en
c}{/Users/jacksontorres/Library/TinyTeX/texmf-dist/fonts/enc/dvips/lm/lm-rm.enc
}{/Users/jacksontorres/Library/TinyTeX/texmf-dist/fonts/enc/dvips/lm/lm-mathit.
enc}{/Users/jacksontorres/Library/TinyTeX/texmf-dist/fonts/enc/dvips/lm/lm-ts1.
enc}</Users/jacksontorres/Library/TinyTeX/texmf-dist/fonts/type1/public/lm/lmbx
12.pfb></Users/jacksontorres/Library/TinyTeX/texmf-dist/fonts/type1/public/lm/l
mmi12.pfb></Users/jacksontorres/Library/TinyTeX/texmf-dist/fonts/type1/public/l
m/lmr10.pfb></Users/jacksontorres/Library/TinyTeX/texmf-dist/fonts/type1/public
/lm/lmr12.pfb></Users/jacksontorres/Library/TinyTeX/texmf-dist/fonts/type1/publ
ic/lm/lmr7.pfb></Users/jacksontorres/Library/TinyTeX/texmf-dist/fonts/type1/pub
lic/lm/lmr8.pfb></Users/jacksontorres/Library/TinyTeX/texmf-dist/fonts/type1/pu
blic/lm/lmri10.pfb></Users/jacksontorres/Library/TinyTeX/texmf-dist/fonts/type1
/public/lm/lmri12.pfb></Users/jacksontorres/Library/TinyTeX/texmf-dist/fonts/ty
pe1/public/lm/lmri8.pfb></Users/jacksontorres/Library/TinyTeX/texmf-dist/fonts/
type1/public/lm/lmsy10.pfb></Users/jacksontorres/Library/TinyTeX/texmf-dist/fon
ts/type1/public/lm/lmtt10.pfb></Users/jacksontorres/Library/TinyTeX/texmf-dist/
fonts/type1/public/lm/lmtt12.pfb>
Output written on Research-Document.pdf (30 pages, 3378135 bytes).
PDF statistics:
 595 PDF objects out of 1000 (max. 8388607)
 489 compressed objects within 5 object streams
 120 named destinations out of 1000 (max. 500000)
 14747 words of extra memory for PDF output out of 17280 (max. 10000000)

